<?xml version="1.0" encoding="UTF-8"?>
<!-- Generated by org.testng.reporters.JUnitXMLReporter -->
<testsuite ignored="0" hostname="DESKTOP-LHDMN2A" failures="0" tests="3" name="Default test" time="8.839" errors="0" timestamp="2025-10-14T01:11:11 EET">
  <testcase classname="swaglab.MyTestCases" name="login" time="1.501"/>
  <testcase classname="swaglab.MyTestCases" name="AddItem" time="0.467"/>
  <testcase classname="swaglab.MyTestCases" name="CheckoutProcess" time="3.378"/>
</testsuite> <!-- Default test -->
