<?xml version="1.0" encoding="UTF-8"?>
<!-- Generated by org.testng.reporters.JUnitXMLReporter -->
<testsuite ignored="0" hostname="DESKTOP-LHDMN2A" failures="0" tests="3" name="Default test" time="9.328" errors="0" timestamp="2025-10-13T22:34:39 EET">
  <testcase classname="swaglab.MyTestCases" name="login" time="1.18"/>
  <testcase classname="swaglab.MyTestCases" name="AddItem" time="0.505"/>
  <testcase classname="swaglab.MyTestCases" name="CheckoutProcess" time="2.856"/>
</testsuite> <!-- Default test -->
