<?xml version="1.0" encoding="UTF-8"?>
<testng-results ignored="0" total="2" passed="2" failed="0" skipped="0">
  <reporter-output>
  </reporter-output>
  <suite started-at="2025-10-14T02:02:02 EET" name="Default suite" finished-at="2025-10-14T02:02:05 EET" duration-ms="3010">
    <groups>
    </groups>
    <test started-at="2025-10-14T02:02:02 EET" name="Default test" finished-at="2025-10-14T02:02:05 EET" duration-ms="3010">
      <class name="swaglab.AddRandomITem">
        <test-method is-config="true" signature="MySetup()[pri:0, instance:swaglab.AddRandomITem@5b068087]" started-at="2025-10-14T02:02:02 EET" name="MySetup" finished-at="2025-10-14T02:02:04 EET" duration-ms="1779" status="PASS">
          <reporter-output>
          </reporter-output>
        </test-method> <!-- MySetup -->
        <test-method signature="LoginWithNormalUser()[pri:1, instance:swaglab.AddRandomITem@5b068087]" started-at="2025-10-14T02:02:04 EET" name="LoginWithNormalUser" finished-at="2025-10-14T02:02:05 EET" duration-ms="645" status="PASS">
          <reporter-output>
          </reporter-output>
        </test-method> <!-- LoginWithNormalUser -->
        <test-method signature="AddRandomItem()[pri:2, instance:swaglab.AddRandomITem@5b068087]" started-at="2025-10-14T02:02:05 EET" name="AddRandomItem" finished-at="2025-10-14T02:02:05 EET" duration-ms="414" status="PASS">
          <reporter-output>
          </reporter-output>
        </test-method> <!-- AddRandomItem -->
      </class> <!-- swaglab.AddRandomITem -->
    </test> <!-- Default test -->
  </suite> <!-- Default suite -->
</testng-results>
