<?xml version="1.0" encoding="UTF-8"?>
<testng-results ignored="0" total="3" passed="3" failed="0" skipped="0">
  <reporter-output>
  </reporter-output>
  <suite started-at="2025-10-14T01:11:03 EET" name="Default suite" finished-at="2025-10-14T01:11:11 EET" duration-ms="8839">
    <groups>
    </groups>
    <test started-at="2025-10-14T01:11:03 EET" name="Default test" finished-at="2025-10-14T01:11:11 EET" duration-ms="8839">
      <class name="swaglab.MyTestCases">
        <test-method is-config="true" signature="setUp()[pri:0, instance:swaglab.MyTestCases@1573f9fc]" started-at="2025-10-14T01:11:03 EET" name="setUp" finished-at="2025-10-14T01:11:06 EET" duration-ms="3377" status="PASS">
          <reporter-output>
          </reporter-output>
        </test-method> <!-- setUp -->
        <test-method signature="login()[pri:1, instance:swaglab.MyTestCases@1573f9fc]" started-at="2025-10-14T01:11:06 EET" name="login" finished-at="2025-10-14T01:11:07 EET" duration-ms="1501" status="PASS">
          <reporter-output>
          </reporter-output>
        </test-method> <!-- login -->
        <test-method signature="AddItem()[pri:2, instance:swaglab.MyTestCases@1573f9fc]" started-at="2025-10-14T01:11:07 EET" name="AddItem" finished-at="2025-10-14T01:11:08 EET" duration-ms="467" status="PASS">
          <reporter-output>
          </reporter-output>
        </test-method> <!-- AddItem -->
        <test-method signature="CheckoutProcess()[pri:3, instance:swaglab.MyTestCases@1573f9fc]" started-at="2025-10-14T01:11:08 EET" name="CheckoutProcess" finished-at="2025-10-14T01:11:11 EET" duration-ms="3378" status="PASS">
          <reporter-output>
          </reporter-output>
        </test-method> <!-- CheckoutProcess -->
      </class> <!-- swaglab.MyTestCases -->
    </test> <!-- Default test -->
  </suite> <!-- Default suite -->
</testng-results>
